[2020-01-09 11:30:08] local.ERROR: Symfony\Component\Debug\Exception\FatalThrowableError: Too few arguments to function App\Http\Controllers\AccountController::dokter(), 1 passed and exactly 2 expected in /root/Documents/Kuliah/pepew/proyek/ppw1920-proyek/app/Http/Controllers/AccountController.php:184
Stack trace:
#0 [internal function]: App\Http\Controllers\AccountController->dokter(Object(Laravel\Lumen\Http\Request))
#1 /root/Documents/Kuliah/pepew/proyek/ppw1920-proyek/vendor/illuminate/container/BoundMethod.php(32): call_user_func_array(Array, Array)
#2 /root/Documents/Kuliah/pepew/proyek/ppw1920-proyek/vendor/illuminate/container/Util.php(36): Illuminate\Container\BoundMethod::Illuminate\Container\{closure}()
#3 /root/Documents/Kuliah/pepew/proyek/ppw1920-proyek/vendor/illuminate/container/BoundMethod.php(90): Illuminate\Container\Util::unwrapIfClosure(Object(Closure))
#4 /root/Documents/Kuliah/pepew/proyek/ppw1920-proyek/vendor/illuminate/container/BoundMethod.php(34): Illuminate\Container\BoundMethod::callBoundMethod(Object(Laravel\Lumen\Application), Array, Object(Closure))
#5 /root/Documents/Kuliah/pepew/proyek/ppw1920-proyek/vendor/illuminate/container/Container.php(590): Illuminate\Container\BoundMethod::call(Object(Laravel\Lumen\Application), Array, Array, NULL)
#6 /root/Documents/Kuliah/pepew/proyek/ppw1920-proyek/vendor/laravel/lumen-framework/src/Concerns/RoutesRequests.php(376): Illuminate\Container\Container->call(Array, Array)
#7 /root/Documents/Kuliah/pepew/proyek/ppw1920-proyek/vendor/laravel/lumen-framework/src/Concerns/RoutesRequests.php(342): Laravel\Lumen\Application->callControllerCallable(Array, Array)
#8 /root/Documents/Kuliah/pepew/proyek/ppw1920-proyek/vendor/laravel/lumen-framework/src/Concerns/RoutesRequests.php(316): Laravel\Lumen\Application->callLumenController(Object(App\Http\Controllers\AccountController), 'dokter', Array)
#9 /root/Documents/Kuliah/pepew/proyek/ppw1920-proyek/vendor/laravel/lumen-framework/src/Concerns/RoutesRequests.php(278): Laravel\Lumen\Application->callControllerAction(Array)
#10 /root/Documents/Kuliah/pepew/proyek/ppw1920-proyek/vendor/laravel/lumen-framework/src/Concerns/RoutesRequests.php(263): Laravel\Lumen\Application->callActionOnArrayBasedRoute(Array)
#11 /root/Documents/Kuliah/pepew/proyek/ppw1920-proyek/vendor/laravel/lumen-framework/src/Concerns/RoutesRequests.php(165): Laravel\Lumen\Application->handleFoundRoute(Array)
#12 [internal function]: Laravel\Lumen\Application->Laravel\Lumen\Concerns\{closure}(Object(Laravel\Lumen\Http\Request))
#13 /root/Documents/Kuliah/pepew/proyek/ppw1920-proyek/vendor/laravel/lumen-framework/src/Routing/Pipeline.php(52): call_user_func(Object(Closure), Object(Laravel\Lumen\Http\Request))
#14 /root/Documents/Kuliah/pepew/proyek/ppw1920-proyek/app/Http/Middleware/CorsMiddleware.php(32): Laravel\Lumen\Routing\Pipeline->Laravel\Lumen\Routing\{closure}(Object(Laravel\Lumen\Http\Request))
#15 /root/Documents/Kuliah/pepew/proyek/ppw1920-proyek/vendor/illuminate/pipeline/Pipeline.php(171): App\Http\Middleware\CorsMiddleware->handle(Object(Laravel\Lumen\Http\Request), Object(Closure))
#16 [internal function]: Illuminate\Pipeline\Pipeline->Illuminate\Pipeline\{closure}(Object(Laravel\Lumen\Http\Request))
#17 /root/Documents/Kuliah/pepew/proyek/ppw1920-proyek/vendor/laravel/lumen-framework/src/Routing/Pipeline.php(32): call_user_func(Object(Closure), Object(Laravel\Lumen\Http\Request))
#18 /root/Documents/Kuliah/pepew/proyek/ppw1920-proyek/vendor/illuminate/pipeline/Pipeline.php(105): Laravel\Lumen\Routing\Pipeline->Laravel\Lumen\Routing\{closure}(Object(Laravel\Lumen\Http\Request))
#19 /root/Documents/Kuliah/pepew/proyek/ppw1920-proyek/vendor/laravel/lumen-framework/src/Concerns/RoutesRequests.php(413): Illuminate\Pipeline\Pipeline->then(Object(Closure))
#20 /root/Documents/Kuliah/pepew/proyek/ppw1920-proyek/vendor/laravel/lumen-framework/src/Concerns/RoutesRequests.php(171): Laravel\Lumen\Application->sendThroughPipeline(Array, Object(Closure))
#21 /root/Documents/Kuliah/pepew/proyek/ppw1920-proyek/vendor/laravel/lumen-framework/src/Concerns/RoutesRequests.php(108): Laravel\Lumen\Application->dispatch(NULL)
#22 /root/Documents/Kuliah/pepew/proyek/ppw1920-proyek/public/index.php(28): Laravel\Lumen\Application->run()
#23 {main} {"exception":"[object] (Symfony\\Component\\Debug\\Exception\\FatalThrowableError(code: 0): Too few arguments to function App\\Http\\Controllers\\AccountController::dokter(), 1 passed and exactly 2 expected at /root/Documents/Kuliah/pepew/proyek/ppw1920-proyek/app/Http/Controllers/AccountController.php:184)
[stacktrace]
#0 [internal function]: App\\Http\\Controllers\\AccountController->dokter(Object(Laravel\\Lumen\\Http\\Request))
#1 /root/Documents/Kuliah/pepew/proyek/ppw1920-proyek/vendor/illuminate/container/BoundMethod.php(32): call_user_func_array(Array, Array)
#2 /root/Documents/Kuliah/pepew/proyek/ppw1920-proyek/vendor/illuminate/container/Util.php(36): Illuminate\\Container\\BoundMethod::Illuminate\\Container\\{closure}()
#3 /root/Documents/Kuliah/pepew/proyek/ppw1920-proyek/vendor/illuminate/container/BoundMethod.php(90): Illuminate\\Container\\Util::unwrapIfClosure(Object(Closure))
#4 /root/Documents/Kuliah/pepew/proyek/ppw1920-proyek/vendor/illuminate/container/BoundMethod.php(34): Illuminate\\Container\\BoundMethod::callBoundMethod(Object(Laravel\\Lumen\\Application), Array, Object(Closure))
#5 /root/Documents/Kuliah/pepew/proyek/ppw1920-proyek/vendor/illuminate/container/Container.php(590): Illuminate\\Container\\BoundMethod::call(Object(Laravel\\Lumen\\Application), Array, Array, NULL)
#6 /root/Documents/Kuliah/pepew/proyek/ppw1920-proyek/vendor/laravel/lumen-framework/src/Concerns/RoutesRequests.php(376): Illuminate\\Container\\Container->call(Array, Array)
#7 /root/Documents/Kuliah/pepew/proyek/ppw1920-proyek/vendor/laravel/lumen-framework/src/Concerns/RoutesRequests.php(342): Laravel\\Lumen\\Application->callControllerCallable(Array, Array)
#8 /root/Documents/Kuliah/pepew/proyek/ppw1920-proyek/vendor/laravel/lumen-framework/src/Concerns/RoutesRequests.php(316): Laravel\\Lumen\\Application->callLumenController(Object(App\\Http\\Controllers\\AccountController), 'dokter', Array)
#9 /root/Documents/Kuliah/pepew/proyek/ppw1920-proyek/vendor/laravel/lumen-framework/src/Concerns/RoutesRequests.php(278): Laravel\\Lumen\\Application->callControllerAction(Array)
#10 /root/Documents/Kuliah/pepew/proyek/ppw1920-proyek/vendor/laravel/lumen-framework/src/Concerns/RoutesRequests.php(263): Laravel\\Lumen\\Application->callActionOnArrayBasedRoute(Array)
#11 /root/Documents/Kuliah/pepew/proyek/ppw1920-proyek/vendor/laravel/lumen-framework/src/Concerns/RoutesRequests.php(165): Laravel\\Lumen\\Application->handleFoundRoute(Array)
#12 [internal function]: Laravel\\Lumen\\Application->Laravel\\Lumen\\Concerns\\{closure}(Object(Laravel\\Lumen\\Http\\Request))
#13 /root/Documents/Kuliah/pepew/proyek/ppw1920-proyek/vendor/laravel/lumen-framework/src/Routing/Pipeline.php(52): call_user_func(Object(Closure), Object(Laravel\\Lumen\\Http\\Request))
#14 /root/Documents/Kuliah/pepew/proyek/ppw1920-proyek/app/Http/Middleware/CorsMiddleware.php(32): Laravel\\Lumen\\Routing\\Pipeline->Laravel\\Lumen\\Routing\\{closure}(Object(Laravel\\Lumen\\Http\\Request))
#15 /root/Documents/Kuliah/pepew/proyek/ppw1920-proyek/vendor/illuminate/pipeline/Pipeline.php(171): App\\Http\\Middleware\\CorsMiddleware->handle(Object(Laravel\\Lumen\\Http\\Request), Object(Closure))
#16 [internal function]: Illuminate\\Pipeline\\Pipeline->Illuminate\\Pipeline\\{closure}(Object(Laravel\\Lumen\\Http\\Request))
#17 /root/Documents/Kuliah/pepew/proyek/ppw1920-proyek/vendor/laravel/lumen-framework/src/Routing/Pipeline.php(32): call_user_func(Object(Closure), Object(Laravel\\Lumen\\Http\\Request))
#18 /root/Documents/Kuliah/pepew/proyek/ppw1920-proyek/vendor/illuminate/pipeline/Pipeline.php(105): Laravel\\Lumen\\Routing\\Pipeline->Laravel\\Lumen\\Routing\\{closure}(Object(Laravel\\Lumen\\Http\\Request))
#19 /root/Documents/Kuliah/pepew/proyek/ppw1920-proyek/vendor/laravel/lumen-framework/src/Concerns/RoutesRequests.php(413): Illuminate\\Pipeline\\Pipeline->then(Object(Closure))
#20 /root/Documents/Kuliah/pepew/proyek/ppw1920-proyek/vendor/laravel/lumen-framework/src/Concerns/RoutesRequests.php(171): Laravel\\Lumen\\Application->sendThroughPipeline(Array, Object(Closure))
#21 /root/Documents/Kuliah/pepew/proyek/ppw1920-proyek/vendor/laravel/lumen-framework/src/Concerns/RoutesRequests.php(108): Laravel\\Lumen\\Application->dispatch(NULL)
#22 /root/Documents/Kuliah/pepew/proyek/ppw1920-proyek/public/index.php(28): Laravel\\Lumen\\Application->run()
#23 {main}
"} 
[2020-01-09 11:31:16] local.ERROR: Symfony\Component\Debug\Exception\FatalThrowableError: Too few arguments to function App\Http\Controllers\AccountController::dokter(), 1 passed and exactly 2 expected in /root/Documents/Kuliah/pepew/proyek/ppw1920-proyek/app/Http/Controllers/AccountController.php:184
Stack trace:
#0 [internal function]: App\Http\Controllers\AccountController->dokter(Object(Laravel\Lumen\Http\Request))
#1 /root/Documents/Kuliah/pepew/proyek/ppw1920-proyek/vendor/illuminate/container/BoundMethod.php(32): call_user_func_array(Array, Array)
#2 /root/Documents/Kuliah/pepew/proyek/ppw1920-proyek/vendor/illuminate/container/Util.php(36): Illuminate\Container\BoundMethod::Illuminate\Container\{closure}()
#3 /root/Documents/Kuliah/pepew/proyek/ppw1920-proyek/vendor/illuminate/container/BoundMethod.php(90): Illuminate\Container\Util::unwrapIfClosure(Object(Closure))
#4 /root/Documents/Kuliah/pepew/proyek/ppw1920-proyek/vendor/illuminate/container/BoundMethod.php(34): Illuminate\Container\BoundMethod::callBoundMethod(Object(Laravel\Lumen\Application), Array, Object(Closure))
#5 /root/Documents/Kuliah/pepew/proyek/ppw1920-proyek/vendor/illuminate/container/Container.php(590): Illuminate\Container\BoundMethod::call(Object(Laravel\Lumen\Application), Array, Array, NULL)
#6 /root/Documents/Kuliah/pepew/proyek/ppw1920-proyek/vendor/laravel/lumen-framework/src/Concerns/RoutesRequests.php(376): Illuminate\Container\Container->call(Array, Array)
#7 /root/Documents/Kuliah/pepew/proyek/ppw1920-proyek/vendor/laravel/lumen-framework/src/Concerns/RoutesRequests.php(342): Laravel\Lumen\Application->callControllerCallable(Array, Array)
#8 /root/Documents/Kuliah/pepew/proyek/ppw1920-proyek/vendor/laravel/lumen-framework/src/Concerns/RoutesRequests.php(316): Laravel\Lumen\Application->callLumenController(Object(App\Http\Controllers\AccountController), 'dokter', Array)
#9 /root/Documents/Kuliah/pepew/proyek/ppw1920-proyek/vendor/laravel/lumen-framework/src/Concerns/RoutesRequests.php(278): Laravel\Lumen\Application->callControllerAction(Array)
#10 /root/Documents/Kuliah/pepew/proyek/ppw1920-proyek/vendor/laravel/lumen-framework/src/Concerns/RoutesRequests.php(263): Laravel\Lumen\Application->callActionOnArrayBasedRoute(Array)
#11 /root/Documents/Kuliah/pepew/proyek/ppw1920-proyek/vendor/laravel/lumen-framework/src/Concerns/RoutesRequests.php(165): Laravel\Lumen\Application->handleFoundRoute(Array)
#12 [internal function]: Laravel\Lumen\Application->Laravel\Lumen\Concerns\{closure}(Object(Laravel\Lumen\Http\Request))
#13 /root/Documents/Kuliah/pepew/proyek/ppw1920-proyek/vendor/laravel/lumen-framework/src/Routing/Pipeline.php(52): call_user_func(Object(Closure), Object(Laravel\Lumen\Http\Request))
#14 /root/Documents/Kuliah/pepew/proyek/ppw1920-proyek/app/Http/Middleware/CorsMiddleware.php(32): Laravel\Lumen\Routing\Pipeline->Laravel\Lumen\Routing\{closure}(Object(Laravel\Lumen\Http\Request))
#15 /root/Documents/Kuliah/pepew/proyek/ppw1920-proyek/vendor/illuminate/pipeline/Pipeline.php(171): App\Http\Middleware\CorsMiddleware->handle(Object(Laravel\Lumen\Http\Request), Object(Closure))
#16 [internal function]: Illuminate\Pipeline\Pipeline->Illuminate\Pipeline\{closure}(Object(Laravel\Lumen\Http\Request))
#17 /root/Documents/Kuliah/pepew/proyek/ppw1920-proyek/vendor/laravel/lumen-framework/src/Routing/Pipeline.php(32): call_user_func(Object(Closure), Object(Laravel\Lumen\Http\Request))
#18 /root/Documents/Kuliah/pepew/proyek/ppw1920-proyek/vendor/illuminate/pipeline/Pipeline.php(105): Laravel\Lumen\Routing\Pipeline->Laravel\Lumen\Routing\{closure}(Object(Laravel\Lumen\Http\Request))
#19 /root/Documents/Kuliah/pepew/proyek/ppw1920-proyek/vendor/laravel/lumen-framework/src/Concerns/RoutesRequests.php(413): Illuminate\Pipeline\Pipeline->then(Object(Closure))
#20 /root/Documents/Kuliah/pepew/proyek/ppw1920-proyek/vendor/laravel/lumen-framework/src/Concerns/RoutesRequests.php(171): Laravel\Lumen\Application->sendThroughPipeline(Array, Object(Closure))
#21 /root/Documents/Kuliah/pepew/proyek/ppw1920-proyek/vendor/laravel/lumen-framework/src/Concerns/RoutesRequests.php(108): Laravel\Lumen\Application->dispatch(NULL)
#22 /root/Documents/Kuliah/pepew/proyek/ppw1920-proyek/public/index.php(28): Laravel\Lumen\Application->run()
#23 {main} {"exception":"[object] (Symfony\\Component\\Debug\\Exception\\FatalThrowableError(code: 0): Too few arguments to function App\\Http\\Controllers\\AccountController::dokter(), 1 passed and exactly 2 expected at /root/Documents/Kuliah/pepew/proyek/ppw1920-proyek/app/Http/Controllers/AccountController.php:184)
[stacktrace]
#0 [internal function]: App\\Http\\Controllers\\AccountController->dokter(Object(Laravel\\Lumen\\Http\\Request))
#1 /root/Documents/Kuliah/pepew/proyek/ppw1920-proyek/vendor/illuminate/container/BoundMethod.php(32): call_user_func_array(Array, Array)
#2 /root/Documents/Kuliah/pepew/proyek/ppw1920-proyek/vendor/illuminate/container/Util.php(36): Illuminate\\Container\\BoundMethod::Illuminate\\Container\\{closure}()
#3 /root/Documents/Kuliah/pepew/proyek/ppw1920-proyek/vendor/illuminate/container/BoundMethod.php(90): Illuminate\\Container\\Util::unwrapIfClosure(Object(Closure))
#4 /root/Documents/Kuliah/pepew/proyek/ppw1920-proyek/vendor/illuminate/container/BoundMethod.php(34): Illuminate\\Container\\BoundMethod::callBoundMethod(Object(Laravel\\Lumen\\Application), Array, Object(Closure))
#5 /root/Documents/Kuliah/pepew/proyek/ppw1920-proyek/vendor/illuminate/container/Container.php(590): Illuminate\\Container\\BoundMethod::call(Object(Laravel\\Lumen\\Application), Array, Array, NULL)
#6 /root/Documents/Kuliah/pepew/proyek/ppw1920-proyek/vendor/laravel/lumen-framework/src/Concerns/RoutesRequests.php(376): Illuminate\\Container\\Container->call(Array, Array)
#7 /root/Documents/Kuliah/pepew/proyek/ppw1920-proyek/vendor/laravel/lumen-framework/src/Concerns/RoutesRequests.php(342): Laravel\\Lumen\\Application->callControllerCallable(Array, Array)
#8 /root/Documents/Kuliah/pepew/proyek/ppw1920-proyek/vendor/laravel/lumen-framework/src/Concerns/RoutesRequests.php(316): Laravel\\Lumen\\Application->callLumenController(Object(App\\Http\\Controllers\\AccountController), 'dokter', Array)
#9 /root/Documents/Kuliah/pepew/proyek/ppw1920-proyek/vendor/laravel/lumen-framework/src/Concerns/RoutesRequests.php(278): Laravel\\Lumen\\Application->callControllerAction(Array)
#10 /root/Documents/Kuliah/pepew/proyek/ppw1920-proyek/vendor/laravel/lumen-framework/src/Concerns/RoutesRequests.php(263): Laravel\\Lumen\\Application->callActionOnArrayBasedRoute(Array)
#11 /root/Documents/Kuliah/pepew/proyek/ppw1920-proyek/vendor/laravel/lumen-framework/src/Concerns/RoutesRequests.php(165): Laravel\\Lumen\\Application->handleFoundRoute(Array)
#12 [internal function]: Laravel\\Lumen\\Application->Laravel\\Lumen\\Concerns\\{closure}(Object(Laravel\\Lumen\\Http\\Request))
#13 /root/Documents/Kuliah/pepew/proyek/ppw1920-proyek/vendor/laravel/lumen-framework/src/Routing/Pipeline.php(52): call_user_func(Object(Closure), Object(Laravel\\Lumen\\Http\\Request))
#14 /root/Documents/Kuliah/pepew/proyek/ppw1920-proyek/app/Http/Middleware/CorsMiddleware.php(32): Laravel\\Lumen\\Routing\\Pipeline->Laravel\\Lumen\\Routing\\{closure}(Object(Laravel\\Lumen\\Http\\Request))
#15 /root/Documents/Kuliah/pepew/proyek/ppw1920-proyek/vendor/illuminate/pipeline/Pipeline.php(171): App\\Http\\Middleware\\CorsMiddleware->handle(Object(Laravel\\Lumen\\Http\\Request), Object(Closure))
#16 [internal function]: Illuminate\\Pipeline\\Pipeline->Illuminate\\Pipeline\\{closure}(Object(Laravel\\Lumen\\Http\\Request))
#17 /root/Documents/Kuliah/pepew/proyek/ppw1920-proyek/vendor/laravel/lumen-framework/src/Routing/Pipeline.php(32): call_user_func(Object(Closure), Object(Laravel\\Lumen\\Http\\Request))
#18 /root/Documents/Kuliah/pepew/proyek/ppw1920-proyek/vendor/illuminate/pipeline/Pipeline.php(105): Laravel\\Lumen\\Routing\\Pipeline->Laravel\\Lumen\\Routing\\{closure}(Object(Laravel\\Lumen\\Http\\Request))
#19 /root/Documents/Kuliah/pepew/proyek/ppw1920-proyek/vendor/laravel/lumen-framework/src/Concerns/RoutesRequests.php(413): Illuminate\\Pipeline\\Pipeline->then(Object(Closure))
#20 /root/Documents/Kuliah/pepew/proyek/ppw1920-proyek/vendor/laravel/lumen-framework/src/Concerns/RoutesRequests.php(171): Laravel\\Lumen\\Application->sendThroughPipeline(Array, Object(Closure))
#21 /root/Documents/Kuliah/pepew/proyek/ppw1920-proyek/vendor/laravel/lumen-framework/src/Concerns/RoutesRequests.php(108): Laravel\\Lumen\\Application->dispatch(NULL)
#22 /root/Documents/Kuliah/pepew/proyek/ppw1920-proyek/public/index.php(28): Laravel\\Lumen\\Application->run()
#23 {main}
"} 
[2020-01-09 11:32:34] local.ERROR: Symfony\Component\Debug\Exception\FatalThrowableError: Too few arguments to function App\Http\Controllers\AccountController::dokter(), 1 passed and exactly 2 expected in /root/Documents/Kuliah/pepew/proyek/ppw1920-proyek/app/Http/Controllers/AccountController.php:184
Stack trace:
#0 [internal function]: App\Http\Controllers\AccountController->dokter(Object(Laravel\Lumen\Http\Request))
#1 /root/Documents/Kuliah/pepew/proyek/ppw1920-proyek/vendor/illuminate/container/BoundMethod.php(32): call_user_func_array(Array, Array)
#2 /root/Documents/Kuliah/pepew/proyek/ppw1920-proyek/vendor/illuminate/container/Util.php(36): Illuminate\Container\BoundMethod::Illuminate\Container\{closure}()
#3 /root/Documents/Kuliah/pepew/proyek/ppw1920-proyek/vendor/illuminate/container/BoundMethod.php(90): Illuminate\Container\Util::unwrapIfClosure(Object(Closure))
#4 /root/Documents/Kuliah/pepew/proyek/ppw1920-proyek/vendor/illuminate/container/BoundMethod.php(34): Illuminate\Container\BoundMethod::callBoundMethod(Object(Laravel\Lumen\Application), Array, Object(Closure))
#5 /root/Documents/Kuliah/pepew/proyek/ppw1920-proyek/vendor/illuminate/container/Container.php(590): Illuminate\Container\BoundMethod::call(Object(Laravel\Lumen\Application), Array, Array, NULL)
#6 /root/Documents/Kuliah/pepew/proyek/ppw1920-proyek/vendor/laravel/lumen-framework/src/Concerns/RoutesRequests.php(376): Illuminate\Container\Container->call(Array, Array)
#7 /root/Documents/Kuliah/pepew/proyek/ppw1920-proyek/vendor/laravel/lumen-framework/src/Concerns/RoutesRequests.php(342): Laravel\Lumen\Application->callControllerCallable(Array, Array)
#8 /root/Documents/Kuliah/pepew/proyek/ppw1920-proyek/vendor/laravel/lumen-framework/src/Concerns/RoutesRequests.php(316): Laravel\Lumen\Application->callLumenController(Object(App\Http\Controllers\AccountController), 'dokter', Array)
#9 /root/Documents/Kuliah/pepew/proyek/ppw1920-proyek/vendor/laravel/lumen-framework/src/Concerns/RoutesRequests.php(278): Laravel\Lumen\Application->callControllerAction(Array)
#10 /root/Documents/Kuliah/pepew/proyek/ppw1920-proyek/vendor/laravel/lumen-framework/src/Concerns/RoutesRequests.php(263): Laravel\Lumen\Application->callActionOnArrayBasedRoute(Array)
#11 /root/Documents/Kuliah/pepew/proyek/ppw1920-proyek/vendor/laravel/lumen-framework/src/Concerns/RoutesRequests.php(165): Laravel\Lumen\Application->handleFoundRoute(Array)
#12 [internal function]: Laravel\Lumen\Application->Laravel\Lumen\Concerns\{closure}(Object(Laravel\Lumen\Http\Request))
#13 /root/Documents/Kuliah/pepew/proyek/ppw1920-proyek/vendor/laravel/lumen-framework/src/Routing/Pipeline.php(52): call_user_func(Object(Closure), Object(Laravel\Lumen\Http\Request))
#14 /root/Documents/Kuliah/pepew/proyek/ppw1920-proyek/app/Http/Middleware/CorsMiddleware.php(32): Laravel\Lumen\Routing\Pipeline->Laravel\Lumen\Routing\{closure}(Object(Laravel\Lumen\Http\Request))
#15 /root/Documents/Kuliah/pepew/proyek/ppw1920-proyek/vendor/illuminate/pipeline/Pipeline.php(171): App\Http\Middleware\CorsMiddleware->handle(Object(Laravel\Lumen\Http\Request), Object(Closure))
#16 [internal function]: Illuminate\Pipeline\Pipeline->Illuminate\Pipeline\{closure}(Object(Laravel\Lumen\Http\Request))
#17 /root/Documents/Kuliah/pepew/proyek/ppw1920-proyek/vendor/laravel/lumen-framework/src/Routing/Pipeline.php(32): call_user_func(Object(Closure), Object(Laravel\Lumen\Http\Request))
#18 /root/Documents/Kuliah/pepew/proyek/ppw1920-proyek/vendor/illuminate/pipeline/Pipeline.php(105): Laravel\Lumen\Routing\Pipeline->Laravel\Lumen\Routing\{closure}(Object(Laravel\Lumen\Http\Request))
#19 /root/Documents/Kuliah/pepew/proyek/ppw1920-proyek/vendor/laravel/lumen-framework/src/Concerns/RoutesRequests.php(413): Illuminate\Pipeline\Pipeline->then(Object(Closure))
#20 /root/Documents/Kuliah/pepew/proyek/ppw1920-proyek/vendor/laravel/lumen-framework/src/Concerns/RoutesRequests.php(171): Laravel\Lumen\Application->sendThroughPipeline(Array, Object(Closure))
#21 /root/Documents/Kuliah/pepew/proyek/ppw1920-proyek/vendor/laravel/lumen-framework/src/Concerns/RoutesRequests.php(108): Laravel\Lumen\Application->dispatch(NULL)
#22 /root/Documents/Kuliah/pepew/proyek/ppw1920-proyek/public/index.php(28): Laravel\Lumen\Application->run()
#23 {main} {"exception":"[object] (Symfony\\Component\\Debug\\Exception\\FatalThrowableError(code: 0): Too few arguments to function App\\Http\\Controllers\\AccountController::dokter(), 1 passed and exactly 2 expected at /root/Documents/Kuliah/pepew/proyek/ppw1920-proyek/app/Http/Controllers/AccountController.php:184)
[stacktrace]
#0 [internal function]: App\\Http\\Controllers\\AccountController->dokter(Object(Laravel\\Lumen\\Http\\Request))
#1 /root/Documents/Kuliah/pepew/proyek/ppw1920-proyek/vendor/illuminate/container/BoundMethod.php(32): call_user_func_array(Array, Array)
#2 /root/Documents/Kuliah/pepew/proyek/ppw1920-proyek/vendor/illuminate/container/Util.php(36): Illuminate\\Container\\BoundMethod::Illuminate\\Container\\{closure}()
#3 /root/Documents/Kuliah/pepew/proyek/ppw1920-proyek/vendor/illuminate/container/BoundMethod.php(90): Illuminate\\Container\\Util::unwrapIfClosure(Object(Closure))
#4 /root/Documents/Kuliah/pepew/proyek/ppw1920-proyek/vendor/illuminate/container/BoundMethod.php(34): Illuminate\\Container\\BoundMethod::callBoundMethod(Object(Laravel\\Lumen\\Application), Array, Object(Closure))
#5 /root/Documents/Kuliah/pepew/proyek/ppw1920-proyek/vendor/illuminate/container/Container.php(590): Illuminate\\Container\\BoundMethod::call(Object(Laravel\\Lumen\\Application), Array, Array, NULL)
#6 /root/Documents/Kuliah/pepew/proyek/ppw1920-proyek/vendor/laravel/lumen-framework/src/Concerns/RoutesRequests.php(376): Illuminate\\Container\\Container->call(Array, Array)
#7 /root/Documents/Kuliah/pepew/proyek/ppw1920-proyek/vendor/laravel/lumen-framework/src/Concerns/RoutesRequests.php(342): Laravel\\Lumen\\Application->callControllerCallable(Array, Array)
#8 /root/Documents/Kuliah/pepew/proyek/ppw1920-proyek/vendor/laravel/lumen-framework/src/Concerns/RoutesRequests.php(316): Laravel\\Lumen\\Application->callLumenController(Object(App\\Http\\Controllers\\AccountController), 'dokter', Array)
#9 /root/Documents/Kuliah/pepew/proyek/ppw1920-proyek/vendor/laravel/lumen-framework/src/Concerns/RoutesRequests.php(278): Laravel\\Lumen\\Application->callControllerAction(Array)
#10 /root/Documents/Kuliah/pepew/proyek/ppw1920-proyek/vendor/laravel/lumen-framework/src/Concerns/RoutesRequests.php(263): Laravel\\Lumen\\Application->callActionOnArrayBasedRoute(Array)
#11 /root/Documents/Kuliah/pepew/proyek/ppw1920-proyek/vendor/laravel/lumen-framework/src/Concerns/RoutesRequests.php(165): Laravel\\Lumen\\Application->handleFoundRoute(Array)
#12 [internal function]: Laravel\\Lumen\\Application->Laravel\\Lumen\\Concerns\\{closure}(Object(Laravel\\Lumen\\Http\\Request))
#13 /root/Documents/Kuliah/pepew/proyek/ppw1920-proyek/vendor/laravel/lumen-framework/src/Routing/Pipeline.php(52): call_user_func(Object(Closure), Object(Laravel\\Lumen\\Http\\Request))
#14 /root/Documents/Kuliah/pepew/proyek/ppw1920-proyek/app/Http/Middleware/CorsMiddleware.php(32): Laravel\\Lumen\\Routing\\Pipeline->Laravel\\Lumen\\Routing\\{closure}(Object(Laravel\\Lumen\\Http\\Request))
#15 /root/Documents/Kuliah/pepew/proyek/ppw1920-proyek/vendor/illuminate/pipeline/Pipeline.php(171): App\\Http\\Middleware\\CorsMiddleware->handle(Object(Laravel\\Lumen\\Http\\Request), Object(Closure))
#16 [internal function]: Illuminate\\Pipeline\\Pipeline->Illuminate\\Pipeline\\{closure}(Object(Laravel\\Lumen\\Http\\Request))
#17 /root/Documents/Kuliah/pepew/proyek/ppw1920-proyek/vendor/laravel/lumen-framework/src/Routing/Pipeline.php(32): call_user_func(Object(Closure), Object(Laravel\\Lumen\\Http\\Request))
#18 /root/Documents/Kuliah/pepew/proyek/ppw1920-proyek/vendor/illuminate/pipeline/Pipeline.php(105): Laravel\\Lumen\\Routing\\Pipeline->Laravel\\Lumen\\Routing\\{closure}(Object(Laravel\\Lumen\\Http\\Request))
#19 /root/Documents/Kuliah/pepew/proyek/ppw1920-proyek/vendor/laravel/lumen-framework/src/Concerns/RoutesRequests.php(413): Illuminate\\Pipeline\\Pipeline->then(Object(Closure))
#20 /root/Documents/Kuliah/pepew/proyek/ppw1920-proyek/vendor/laravel/lumen-framework/src/Concerns/RoutesRequests.php(171): Laravel\\Lumen\\Application->sendThroughPipeline(Array, Object(Closure))
#21 /root/Documents/Kuliah/pepew/proyek/ppw1920-proyek/vendor/laravel/lumen-framework/src/Concerns/RoutesRequests.php(108): Laravel\\Lumen\\Application->dispatch(NULL)
#22 /root/Documents/Kuliah/pepew/proyek/ppw1920-proyek/public/index.php(28): Laravel\\Lumen\\Application->run()
#23 {main}
"} 
[2020-01-09 11:32:44] local.ERROR: Symfony\Component\Debug\Exception\FatalThrowableError: Too few arguments to function App\Http\Controllers\AccountController::dokter(), 1 passed and exactly 2 expected in /root/Documents/Kuliah/pepew/proyek/ppw1920-proyek/app/Http/Controllers/AccountController.php:184
Stack trace:
#0 [internal function]: App\Http\Controllers\AccountController->dokter(Object(Laravel\Lumen\Http\Request))
#1 /root/Documents/Kuliah/pepew/proyek/ppw1920-proyek/vendor/illuminate/container/BoundMethod.php(32): call_user_func_array(Array, Array)
#2 /root/Documents/Kuliah/pepew/proyek/ppw1920-proyek/vendor/illuminate/container/Util.php(36): Illuminate\Container\BoundMethod::Illuminate\Container\{closure}()
#3 /root/Documents/Kuliah/pepew/proyek/ppw1920-proyek/vendor/illuminate/container/BoundMethod.php(90): Illuminate\Container\Util::unwrapIfClosure(Object(Closure))
#4 /root/Documents/Kuliah/pepew/proyek/ppw1920-proyek/vendor/illuminate/container/BoundMethod.php(34): Illuminate\Container\BoundMethod::callBoundMethod(Object(Laravel\Lumen\Application), Array, Object(Closure))
#5 /root/Documents/Kuliah/pepew/proyek/ppw1920-proyek/vendor/illuminate/container/Container.php(590): Illuminate\Container\BoundMethod::call(Object(Laravel\Lumen\Application), Array, Array, NULL)
#6 /root/Documents/Kuliah/pepew/proyek/ppw1920-proyek/vendor/laravel/lumen-framework/src/Concerns/RoutesRequests.php(376): Illuminate\Container\Container->call(Array, Array)
#7 /root/Documents/Kuliah/pepew/proyek/ppw1920-proyek/vendor/laravel/lumen-framework/src/Concerns/RoutesRequests.php(342): Laravel\Lumen\Application->callControllerCallable(Array, Array)
#8 /root/Documents/Kuliah/pepew/proyek/ppw1920-proyek/vendor/laravel/lumen-framework/src/Concerns/RoutesRequests.php(316): Laravel\Lumen\Application->callLumenController(Object(App\Http\Controllers\AccountController), 'dokter', Array)
#9 /root/Documents/Kuliah/pepew/proyek/ppw1920-proyek/vendor/laravel/lumen-framework/src/Concerns/RoutesRequests.php(278): Laravel\Lumen\Application->callControllerAction(Array)
#10 /root/Documents/Kuliah/pepew/proyek/ppw1920-proyek/vendor/laravel/lumen-framework/src/Concerns/RoutesRequests.php(263): Laravel\Lumen\Application->callActionOnArrayBasedRoute(Array)
#11 /root/Documents/Kuliah/pepew/proyek/ppw1920-proyek/vendor/laravel/lumen-framework/src/Concerns/RoutesRequests.php(165): Laravel\Lumen\Application->handleFoundRoute(Array)
#12 [internal function]: Laravel\Lumen\Application->Laravel\Lumen\Concerns\{closure}(Object(Laravel\Lumen\Http\Request))
#13 /root/Documents/Kuliah/pepew/proyek/ppw1920-proyek/vendor/laravel/lumen-framework/src/Routing/Pipeline.php(52): call_user_func(Object(Closure), Object(Laravel\Lumen\Http\Request))
#14 /root/Documents/Kuliah/pepew/proyek/ppw1920-proyek/app/Http/Middleware/CorsMiddleware.php(32): Laravel\Lumen\Routing\Pipeline->Laravel\Lumen\Routing\{closure}(Object(Laravel\Lumen\Http\Request))
#15 /root/Documents/Kuliah/pepew/proyek/ppw1920-proyek/vendor/illuminate/pipeline/Pipeline.php(171): App\Http\Middleware\CorsMiddleware->handle(Object(Laravel\Lumen\Http\Request), Object(Closure))
#16 [internal function]: Illuminate\Pipeline\Pipeline->Illuminate\Pipeline\{closure}(Object(Laravel\Lumen\Http\Request))
#17 /root/Documents/Kuliah/pepew/proyek/ppw1920-proyek/vendor/laravel/lumen-framework/src/Routing/Pipeline.php(32): call_user_func(Object(Closure), Object(Laravel\Lumen\Http\Request))
#18 /root/Documents/Kuliah/pepew/proyek/ppw1920-proyek/vendor/illuminate/pipeline/Pipeline.php(105): Laravel\Lumen\Routing\Pipeline->Laravel\Lumen\Routing\{closure}(Object(Laravel\Lumen\Http\Request))
#19 /root/Documents/Kuliah/pepew/proyek/ppw1920-proyek/vendor/laravel/lumen-framework/src/Concerns/RoutesRequests.php(413): Illuminate\Pipeline\Pipeline->then(Object(Closure))
#20 /root/Documents/Kuliah/pepew/proyek/ppw1920-proyek/vendor/laravel/lumen-framework/src/Concerns/RoutesRequests.php(171): Laravel\Lumen\Application->sendThroughPipeline(Array, Object(Closure))
#21 /root/Documents/Kuliah/pepew/proyek/ppw1920-proyek/vendor/laravel/lumen-framework/src/Concerns/RoutesRequests.php(108): Laravel\Lumen\Application->dispatch(NULL)
#22 /root/Documents/Kuliah/pepew/proyek/ppw1920-proyek/public/index.php(28): Laravel\Lumen\Application->run()
#23 {main} {"exception":"[object] (Symfony\\Component\\Debug\\Exception\\FatalThrowableError(code: 0): Too few arguments to function App\\Http\\Controllers\\AccountController::dokter(), 1 passed and exactly 2 expected at /root/Documents/Kuliah/pepew/proyek/ppw1920-proyek/app/Http/Controllers/AccountController.php:184)
[stacktrace]
#0 [internal function]: App\\Http\\Controllers\\AccountController->dokter(Object(Laravel\\Lumen\\Http\\Request))
#1 /root/Documents/Kuliah/pepew/proyek/ppw1920-proyek/vendor/illuminate/container/BoundMethod.php(32): call_user_func_array(Array, Array)
#2 /root/Documents/Kuliah/pepew/proyek/ppw1920-proyek/vendor/illuminate/container/Util.php(36): Illuminate\\Container\\BoundMethod::Illuminate\\Container\\{closure}()
#3 /root/Documents/Kuliah/pepew/proyek/ppw1920-proyek/vendor/illuminate/container/BoundMethod.php(90): Illuminate\\Container\\Util::unwrapIfClosure(Object(Closure))
#4 /root/Documents/Kuliah/pepew/proyek/ppw1920-proyek/vendor/illuminate/container/BoundMethod.php(34): Illuminate\\Container\\BoundMethod::callBoundMethod(Object(Laravel\\Lumen\\Application), Array, Object(Closure))
#5 /root/Documents/Kuliah/pepew/proyek/ppw1920-proyek/vendor/illuminate/container/Container.php(590): Illuminate\\Container\\BoundMethod::call(Object(Laravel\\Lumen\\Application), Array, Array, NULL)
#6 /root/Documents/Kuliah/pepew/proyek/ppw1920-proyek/vendor/laravel/lumen-framework/src/Concerns/RoutesRequests.php(376): Illuminate\\Container\\Container->call(Array, Array)
#7 /root/Documents/Kuliah/pepew/proyek/ppw1920-proyek/vendor/laravel/lumen-framework/src/Concerns/RoutesRequests.php(342): Laravel\\Lumen\\Application->callControllerCallable(Array, Array)
#8 /root/Documents/Kuliah/pepew/proyek/ppw1920-proyek/vendor/laravel/lumen-framework/src/Concerns/RoutesRequests.php(316): Laravel\\Lumen\\Application->callLumenController(Object(App\\Http\\Controllers\\AccountController), 'dokter', Array)
#9 /root/Documents/Kuliah/pepew/proyek/ppw1920-proyek/vendor/laravel/lumen-framework/src/Concerns/RoutesRequests.php(278): Laravel\\Lumen\\Application->callControllerAction(Array)
#10 /root/Documents/Kuliah/pepew/proyek/ppw1920-proyek/vendor/laravel/lumen-framework/src/Concerns/RoutesRequests.php(263): Laravel\\Lumen\\Application->callActionOnArrayBasedRoute(Array)
#11 /root/Documents/Kuliah/pepew/proyek/ppw1920-proyek/vendor/laravel/lumen-framework/src/Concerns/RoutesRequests.php(165): Laravel\\Lumen\\Application->handleFoundRoute(Array)
#12 [internal function]: Laravel\\Lumen\\Application->Laravel\\Lumen\\Concerns\\{closure}(Object(Laravel\\Lumen\\Http\\Request))
#13 /root/Documents/Kuliah/pepew/proyek/ppw1920-proyek/vendor/laravel/lumen-framework/src/Routing/Pipeline.php(52): call_user_func(Object(Closure), Object(Laravel\\Lumen\\Http\\Request))
#14 /root/Documents/Kuliah/pepew/proyek/ppw1920-proyek/app/Http/Middleware/CorsMiddleware.php(32): Laravel\\Lumen\\Routing\\Pipeline->Laravel\\Lumen\\Routing\\{closure}(Object(Laravel\\Lumen\\Http\\Request))
#15 /root/Documents/Kuliah/pepew/proyek/ppw1920-proyek/vendor/illuminate/pipeline/Pipeline.php(171): App\\Http\\Middleware\\CorsMiddleware->handle(Object(Laravel\\Lumen\\Http\\Request), Object(Closure))
#16 [internal function]: Illuminate\\Pipeline\\Pipeline->Illuminate\\Pipeline\\{closure}(Object(Laravel\\Lumen\\Http\\Request))
#17 /root/Documents/Kuliah/pepew/proyek/ppw1920-proyek/vendor/laravel/lumen-framework/src/Routing/Pipeline.php(32): call_user_func(Object(Closure), Object(Laravel\\Lumen\\Http\\Request))
#18 /root/Documents/Kuliah/pepew/proyek/ppw1920-proyek/vendor/illuminate/pipeline/Pipeline.php(105): Laravel\\Lumen\\Routing\\Pipeline->Laravel\\Lumen\\Routing\\{closure}(Object(Laravel\\Lumen\\Http\\Request))
#19 /root/Documents/Kuliah/pepew/proyek/ppw1920-proyek/vendor/laravel/lumen-framework/src/Concerns/RoutesRequests.php(413): Illuminate\\Pipeline\\Pipeline->then(Object(Closure))
#20 /root/Documents/Kuliah/pepew/proyek/ppw1920-proyek/vendor/laravel/lumen-framework/src/Concerns/RoutesRequests.php(171): Laravel\\Lumen\\Application->sendThroughPipeline(Array, Object(Closure))
#21 /root/Documents/Kuliah/pepew/proyek/ppw1920-proyek/vendor/laravel/lumen-framework/src/Concerns/RoutesRequests.php(108): Laravel\\Lumen\\Application->dispatch(NULL)
#22 /root/Documents/Kuliah/pepew/proyek/ppw1920-proyek/public/index.php(28): Laravel\\Lumen\\Application->run()
#23 {main}
"} 
[2020-01-09 11:33:28] local.ERROR: Symfony\Component\Debug\Exception\FatalThrowableError: Too few arguments to function App\Http\Controllers\AccountController::dokter(), 1 passed and exactly 2 expected in /root/Documents/Kuliah/pepew/proyek/ppw1920-proyek/app/Http/Controllers/AccountController.php:184
Stack trace:
#0 [internal function]: App\Http\Controllers\AccountController->dokter(Object(Laravel\Lumen\Http\Request))
#1 /root/Documents/Kuliah/pepew/proyek/ppw1920-proyek/vendor/illuminate/container/BoundMethod.php(32): call_user_func_array(Array, Array)
#2 /root/Documents/Kuliah/pepew/proyek/ppw1920-proyek/vendor/illuminate/container/Util.php(36): Illuminate\Container\BoundMethod::Illuminate\Container\{closure}()
#3 /root/Documents/Kuliah/pepew/proyek/ppw1920-proyek/vendor/illuminate/container/BoundMethod.php(90): Illuminate\Container\Util::unwrapIfClosure(Object(Closure))
#4 /root/Documents/Kuliah/pepew/proyek/ppw1920-proyek/vendor/illuminate/container/BoundMethod.php(34): Illuminate\Container\BoundMethod::callBoundMethod(Object(Laravel\Lumen\Application), Array, Object(Closure))
#5 /root/Documents/Kuliah/pepew/proyek/ppw1920-proyek/vendor/illuminate/container/Container.php(590): Illuminate\Container\BoundMethod::call(Object(Laravel\Lumen\Application), Array, Array, NULL)
#6 /root/Documents/Kuliah/pepew/proyek/ppw1920-proyek/vendor/laravel/lumen-framework/src/Concerns/RoutesRequests.php(376): Illuminate\Container\Container->call(Array, Array)
#7 /root/Documents/Kuliah/pepew/proyek/ppw1920-proyek/vendor/laravel/lumen-framework/src/Concerns/RoutesRequests.php(342): Laravel\Lumen\Application->callControllerCallable(Array, Array)
#8 /root/Documents/Kuliah/pepew/proyek/ppw1920-proyek/vendor/laravel/lumen-framework/src/Concerns/RoutesRequests.php(316): Laravel\Lumen\Application->callLumenController(Object(App\Http\Controllers\AccountController), 'dokter', Array)
#9 /root/Documents/Kuliah/pepew/proyek/ppw1920-proyek/vendor/laravel/lumen-framework/src/Concerns/RoutesRequests.php(278): Laravel\Lumen\Application->callControllerAction(Array)
#10 /root/Documents/Kuliah/pepew/proyek/ppw1920-proyek/vendor/laravel/lumen-framework/src/Concerns/RoutesRequests.php(263): Laravel\Lumen\Application->callActionOnArrayBasedRoute(Array)
#11 /root/Documents/Kuliah/pepew/proyek/ppw1920-proyek/vendor/laravel/lumen-framework/src/Concerns/RoutesRequests.php(165): Laravel\Lumen\Application->handleFoundRoute(Array)
#12 [internal function]: Laravel\Lumen\Application->Laravel\Lumen\Concerns\{closure}(Object(Laravel\Lumen\Http\Request))
#13 /root/Documents/Kuliah/pepew/proyek/ppw1920-proyek/vendor/laravel/lumen-framework/src/Routing/Pipeline.php(52): call_user_func(Object(Closure), Object(Laravel\Lumen\Http\Request))
#14 /root/Documents/Kuliah/pepew/proyek/ppw1920-proyek/app/Http/Middleware/CorsMiddleware.php(32): Laravel\Lumen\Routing\Pipeline->Laravel\Lumen\Routing\{closure}(Object(Laravel\Lumen\Http\Request))
#15 /root/Documents/Kuliah/pepew/proyek/ppw1920-proyek/vendor/illuminate/pipeline/Pipeline.php(171): App\Http\Middleware\CorsMiddleware->handle(Object(Laravel\Lumen\Http\Request), Object(Closure))
#16 [internal function]: Illuminate\Pipeline\Pipeline->Illuminate\Pipeline\{closure}(Object(Laravel\Lumen\Http\Request))
#17 /root/Documents/Kuliah/pepew/proyek/ppw1920-proyek/vendor/laravel/lumen-framework/src/Routing/Pipeline.php(32): call_user_func(Object(Closure), Object(Laravel\Lumen\Http\Request))
#18 /root/Documents/Kuliah/pepew/proyek/ppw1920-proyek/vendor/illuminate/pipeline/Pipeline.php(105): Laravel\Lumen\Routing\Pipeline->Laravel\Lumen\Routing\{closure}(Object(Laravel\Lumen\Http\Request))
#19 /root/Documents/Kuliah/pepew/proyek/ppw1920-proyek/vendor/laravel/lumen-framework/src/Concerns/RoutesRequests.php(413): Illuminate\Pipeline\Pipeline->then(Object(Closure))
#20 /root/Documents/Kuliah/pepew/proyek/ppw1920-proyek/vendor/laravel/lumen-framework/src/Concerns/RoutesRequests.php(171): Laravel\Lumen\Application->sendThroughPipeline(Array, Object(Closure))
#21 /root/Documents/Kuliah/pepew/proyek/ppw1920-proyek/vendor/laravel/lumen-framework/src/Concerns/RoutesRequests.php(108): Laravel\Lumen\Application->dispatch(NULL)
#22 /root/Documents/Kuliah/pepew/proyek/ppw1920-proyek/public/index.php(28): Laravel\Lumen\Application->run()
#23 {main} {"exception":"[object] (Symfony\\Component\\Debug\\Exception\\FatalThrowableError(code: 0): Too few arguments to function App\\Http\\Controllers\\AccountController::dokter(), 1 passed and exactly 2 expected at /root/Documents/Kuliah/pepew/proyek/ppw1920-proyek/app/Http/Controllers/AccountController.php:184)
[stacktrace]
#0 [internal function]: App\\Http\\Controllers\\AccountController->dokter(Object(Laravel\\Lumen\\Http\\Request))
#1 /root/Documents/Kuliah/pepew/proyek/ppw1920-proyek/vendor/illuminate/container/BoundMethod.php(32): call_user_func_array(Array, Array)
#2 /root/Documents/Kuliah/pepew/proyek/ppw1920-proyek/vendor/illuminate/container/Util.php(36): Illuminate\\Container\\BoundMethod::Illuminate\\Container\\{closure}()
#3 /root/Documents/Kuliah/pepew/proyek/ppw1920-proyek/vendor/illuminate/container/BoundMethod.php(90): Illuminate\\Container\\Util::unwrapIfClosure(Object(Closure))
#4 /root/Documents/Kuliah/pepew/proyek/ppw1920-proyek/vendor/illuminate/container/BoundMethod.php(34): Illuminate\\Container\\BoundMethod::callBoundMethod(Object(Laravel\\Lumen\\Application), Array, Object(Closure))
#5 /root/Documents/Kuliah/pepew/proyek/ppw1920-proyek/vendor/illuminate/container/Container.php(590): Illuminate\\Container\\BoundMethod::call(Object(Laravel\\Lumen\\Application), Array, Array, NULL)
#6 /root/Documents/Kuliah/pepew/proyek/ppw1920-proyek/vendor/laravel/lumen-framework/src/Concerns/RoutesRequests.php(376): Illuminate\\Container\\Container->call(Array, Array)
#7 /root/Documents/Kuliah/pepew/proyek/ppw1920-proyek/vendor/laravel/lumen-framework/src/Concerns/RoutesRequests.php(342): Laravel\\Lumen\\Application->callControllerCallable(Array, Array)
#8 /root/Documents/Kuliah/pepew/proyek/ppw1920-proyek/vendor/laravel/lumen-framework/src/Concerns/RoutesRequests.php(316): Laravel\\Lumen\\Application->callLumenController(Object(App\\Http\\Controllers\\AccountController), 'dokter', Array)
#9 /root/Documents/Kuliah/pepew/proyek/ppw1920-proyek/vendor/laravel/lumen-framework/src/Concerns/RoutesRequests.php(278): Laravel\\Lumen\\Application->callControllerAction(Array)
#10 /root/Documents/Kuliah/pepew/proyek/ppw1920-proyek/vendor/laravel/lumen-framework/src/Concerns/RoutesRequests.php(263): Laravel\\Lumen\\Application->callActionOnArrayBasedRoute(Array)
#11 /root/Documents/Kuliah/pepew/proyek/ppw1920-proyek/vendor/laravel/lumen-framework/src/Concerns/RoutesRequests.php(165): Laravel\\Lumen\\Application->handleFoundRoute(Array)
#12 [internal function]: Laravel\\Lumen\\Application->Laravel\\Lumen\\Concerns\\{closure}(Object(Laravel\\Lumen\\Http\\Request))
#13 /root/Documents/Kuliah/pepew/proyek/ppw1920-proyek/vendor/laravel/lumen-framework/src/Routing/Pipeline.php(52): call_user_func(Object(Closure), Object(Laravel\\Lumen\\Http\\Request))
#14 /root/Documents/Kuliah/pepew/proyek/ppw1920-proyek/app/Http/Middleware/CorsMiddleware.php(32): Laravel\\Lumen\\Routing\\Pipeline->Laravel\\Lumen\\Routing\\{closure}(Object(Laravel\\Lumen\\Http\\Request))
#15 /root/Documents/Kuliah/pepew/proyek/ppw1920-proyek/vendor/illuminate/pipeline/Pipeline.php(171): App\\Http\\Middleware\\CorsMiddleware->handle(Object(Laravel\\Lumen\\Http\\Request), Object(Closure))
#16 [internal function]: Illuminate\\Pipeline\\Pipeline->Illuminate\\Pipeline\\{closure}(Object(Laravel\\Lumen\\Http\\Request))
#17 /root/Documents/Kuliah/pepew/proyek/ppw1920-proyek/vendor/laravel/lumen-framework/src/Routing/Pipeline.php(32): call_user_func(Object(Closure), Object(Laravel\\Lumen\\Http\\Request))
#18 /root/Documents/Kuliah/pepew/proyek/ppw1920-proyek/vendor/illuminate/pipeline/Pipeline.php(105): Laravel\\Lumen\\Routing\\Pipeline->Laravel\\Lumen\\Routing\\{closure}(Object(Laravel\\Lumen\\Http\\Request))
#19 /root/Documents/Kuliah/pepew/proyek/ppw1920-proyek/vendor/laravel/lumen-framework/src/Concerns/RoutesRequests.php(413): Illuminate\\Pipeline\\Pipeline->then(Object(Closure))
#20 /root/Documents/Kuliah/pepew/proyek/ppw1920-proyek/vendor/laravel/lumen-framework/src/Concerns/RoutesRequests.php(171): Laravel\\Lumen\\Application->sendThroughPipeline(Array, Object(Closure))
#21 /root/Documents/Kuliah/pepew/proyek/ppw1920-proyek/vendor/laravel/lumen-framework/src/Concerns/RoutesRequests.php(108): Laravel\\Lumen\\Application->dispatch(NULL)
#22 /root/Documents/Kuliah/pepew/proyek/ppw1920-proyek/public/index.php(28): Laravel\\Lumen\\Application->run()
#23 {main}
"} 
[2020-01-09 11:33:51] local.ERROR: Symfony\Component\Debug\Exception\FatalThrowableError: Too few arguments to function App\Http\Controllers\AccountController::dokter(), 1 passed and exactly 2 expected in /root/Documents/Kuliah/pepew/proyek/ppw1920-proyek/app/Http/Controllers/AccountController.php:184
Stack trace:
#0 [internal function]: App\Http\Controllers\AccountController->dokter(Object(Laravel\Lumen\Http\Request))
#1 /root/Documents/Kuliah/pepew/proyek/ppw1920-proyek/vendor/illuminate/container/BoundMethod.php(32): call_user_func_array(Array, Array)
#2 /root/Documents/Kuliah/pepew/proyek/ppw1920-proyek/vendor/illuminate/container/Util.php(36): Illuminate\Container\BoundMethod::Illuminate\Container\{closure}()
#3 /root/Documents/Kuliah/pepew/proyek/ppw1920-proyek/vendor/illuminate/container/BoundMethod.php(90): Illuminate\Container\Util::unwrapIfClosure(Object(Closure))
#4 /root/Documents/Kuliah/pepew/proyek/ppw1920-proyek/vendor/illuminate/container/BoundMethod.php(34): Illuminate\Container\BoundMethod::callBoundMethod(Object(Laravel\Lumen\Application), Array, Object(Closure))
#5 /root/Documents/Kuliah/pepew/proyek/ppw1920-proyek/vendor/illuminate/container/Container.php(590): Illuminate\Container\BoundMethod::call(Object(Laravel\Lumen\Application), Array, Array, NULL)
#6 /root/Documents/Kuliah/pepew/proyek/ppw1920-proyek/vendor/laravel/lumen-framework/src/Concerns/RoutesRequests.php(376): Illuminate\Container\Container->call(Array, Array)
#7 /root/Documents/Kuliah/pepew/proyek/ppw1920-proyek/vendor/laravel/lumen-framework/src/Concerns/RoutesRequests.php(342): Laravel\Lumen\Application->callControllerCallable(Array, Array)
#8 /root/Documents/Kuliah/pepew/proyek/ppw1920-proyek/vendor/laravel/lumen-framework/src/Concerns/RoutesRequests.php(316): Laravel\Lumen\Application->callLumenController(Object(App\Http\Controllers\AccountController), 'dokter', Array)
#9 /root/Documents/Kuliah/pepew/proyek/ppw1920-proyek/vendor/laravel/lumen-framework/src/Concerns/RoutesRequests.php(278): Laravel\Lumen\Application->callControllerAction(Array)
#10 /root/Documents/Kuliah/pepew/proyek/ppw1920-proyek/vendor/laravel/lumen-framework/src/Concerns/RoutesRequests.php(263): Laravel\Lumen\Application->callActionOnArrayBasedRoute(Array)
#11 /root/Documents/Kuliah/pepew/proyek/ppw1920-proyek/vendor/laravel/lumen-framework/src/Concerns/RoutesRequests.php(165): Laravel\Lumen\Application->handleFoundRoute(Array)
#12 [internal function]: Laravel\Lumen\Application->Laravel\Lumen\Concerns\{closure}(Object(Laravel\Lumen\Http\Request))
#13 /root/Documents/Kuliah/pepew/proyek/ppw1920-proyek/vendor/laravel/lumen-framework/src/Routing/Pipeline.php(52): call_user_func(Object(Closure), Object(Laravel\Lumen\Http\Request))
#14 /root/Documents/Kuliah/pepew/proyek/ppw1920-proyek/app/Http/Middleware/CorsMiddleware.php(32): Laravel\Lumen\Routing\Pipeline->Laravel\Lumen\Routing\{closure}(Object(Laravel\Lumen\Http\Request))
#15 /root/Documents/Kuliah/pepew/proyek/ppw1920-proyek/vendor/illuminate/pipeline/Pipeline.php(171): App\Http\Middleware\CorsMiddleware->handle(Object(Laravel\Lumen\Http\Request), Object(Closure))
#16 [internal function]: Illuminate\Pipeline\Pipeline->Illuminate\Pipeline\{closure}(Object(Laravel\Lumen\Http\Request))
#17 /root/Documents/Kuliah/pepew/proyek/ppw1920-proyek/vendor/laravel/lumen-framework/src/Routing/Pipeline.php(32): call_user_func(Object(Closure), Object(Laravel\Lumen\Http\Request))
#18 /root/Documents/Kuliah/pepew/proyek/ppw1920-proyek/vendor/illuminate/pipeline/Pipeline.php(105): Laravel\Lumen\Routing\Pipeline->Laravel\Lumen\Routing\{closure}(Object(Laravel\Lumen\Http\Request))
#19 /root/Documents/Kuliah/pepew/proyek/ppw1920-proyek/vendor/laravel/lumen-framework/src/Concerns/RoutesRequests.php(413): Illuminate\Pipeline\Pipeline->then(Object(Closure))
#20 /root/Documents/Kuliah/pepew/proyek/ppw1920-proyek/vendor/laravel/lumen-framework/src/Concerns/RoutesRequests.php(171): Laravel\Lumen\Application->sendThroughPipeline(Array, Object(Closure))
#21 /root/Documents/Kuliah/pepew/proyek/ppw1920-proyek/vendor/laravel/lumen-framework/src/Concerns/RoutesRequests.php(108): Laravel\Lumen\Application->dispatch(NULL)
#22 /root/Documents/Kuliah/pepew/proyek/ppw1920-proyek/public/index.php(28): Laravel\Lumen\Application->run()
#23 {main} {"exception":"[object] (Symfony\\Component\\Debug\\Exception\\FatalThrowableError(code: 0): Too few arguments to function App\\Http\\Controllers\\AccountController::dokter(), 1 passed and exactly 2 expected at /root/Documents/Kuliah/pepew/proyek/ppw1920-proyek/app/Http/Controllers/AccountController.php:184)
[stacktrace]
#0 [internal function]: App\\Http\\Controllers\\AccountController->dokter(Object(Laravel\\Lumen\\Http\\Request))
#1 /root/Documents/Kuliah/pepew/proyek/ppw1920-proyek/vendor/illuminate/container/BoundMethod.php(32): call_user_func_array(Array, Array)
#2 /root/Documents/Kuliah/pepew/proyek/ppw1920-proyek/vendor/illuminate/container/Util.php(36): Illuminate\\Container\\BoundMethod::Illuminate\\Container\\{closure}()
#3 /root/Documents/Kuliah/pepew/proyek/ppw1920-proyek/vendor/illuminate/container/BoundMethod.php(90): Illuminate\\Container\\Util::unwrapIfClosure(Object(Closure))
#4 /root/Documents/Kuliah/pepew/proyek/ppw1920-proyek/vendor/illuminate/container/BoundMethod.php(34): Illuminate\\Container\\BoundMethod::callBoundMethod(Object(Laravel\\Lumen\\Application), Array, Object(Closure))
#5 /root/Documents/Kuliah/pepew/proyek/ppw1920-proyek/vendor/illuminate/container/Container.php(590): Illuminate\\Container\\BoundMethod::call(Object(Laravel\\Lumen\\Application), Array, Array, NULL)
#6 /root/Documents/Kuliah/pepew/proyek/ppw1920-proyek/vendor/laravel/lumen-framework/src/Concerns/RoutesRequests.php(376): Illuminate\\Container\\Container->call(Array, Array)
#7 /root/Documents/Kuliah/pepew/proyek/ppw1920-proyek/vendor/laravel/lumen-framework/src/Concerns/RoutesRequests.php(342): Laravel\\Lumen\\Application->callControllerCallable(Array, Array)
#8 /root/Documents/Kuliah/pepew/proyek/ppw1920-proyek/vendor/laravel/lumen-framework/src/Concerns/RoutesRequests.php(316): Laravel\\Lumen\\Application->callLumenController(Object(App\\Http\\Controllers\\AccountController), 'dokter', Array)
#9 /root/Documents/Kuliah/pepew/proyek/ppw1920-proyek/vendor/laravel/lumen-framework/src/Concerns/RoutesRequests.php(278): Laravel\\Lumen\\Application->callControllerAction(Array)
#10 /root/Documents/Kuliah/pepew/proyek/ppw1920-proyek/vendor/laravel/lumen-framework/src/Concerns/RoutesRequests.php(263): Laravel\\Lumen\\Application->callActionOnArrayBasedRoute(Array)
#11 /root/Documents/Kuliah/pepew/proyek/ppw1920-proyek/vendor/laravel/lumen-framework/src/Concerns/RoutesRequests.php(165): Laravel\\Lumen\\Application->handleFoundRoute(Array)
#12 [internal function]: Laravel\\Lumen\\Application->Laravel\\Lumen\\Concerns\\{closure}(Object(Laravel\\Lumen\\Http\\Request))
#13 /root/Documents/Kuliah/pepew/proyek/ppw1920-proyek/vendor/laravel/lumen-framework/src/Routing/Pipeline.php(52): call_user_func(Object(Closure), Object(Laravel\\Lumen\\Http\\Request))
#14 /root/Documents/Kuliah/pepew/proyek/ppw1920-proyek/app/Http/Middleware/CorsMiddleware.php(32): Laravel\\Lumen\\Routing\\Pipeline->Laravel\\Lumen\\Routing\\{closure}(Object(Laravel\\Lumen\\Http\\Request))
#15 /root/Documents/Kuliah/pepew/proyek/ppw1920-proyek/vendor/illuminate/pipeline/Pipeline.php(171): App\\Http\\Middleware\\CorsMiddleware->handle(Object(Laravel\\Lumen\\Http\\Request), Object(Closure))
#16 [internal function]: Illuminate\\Pipeline\\Pipeline->Illuminate\\Pipeline\\{closure}(Object(Laravel\\Lumen\\Http\\Request))
#17 /root/Documents/Kuliah/pepew/proyek/ppw1920-proyek/vendor/laravel/lumen-framework/src/Routing/Pipeline.php(32): call_user_func(Object(Closure), Object(Laravel\\Lumen\\Http\\Request))
#18 /root/Documents/Kuliah/pepew/proyek/ppw1920-proyek/vendor/illuminate/pipeline/Pipeline.php(105): Laravel\\Lumen\\Routing\\Pipeline->Laravel\\Lumen\\Routing\\{closure}(Object(Laravel\\Lumen\\Http\\Request))
#19 /root/Documents/Kuliah/pepew/proyek/ppw1920-proyek/vendor/laravel/lumen-framework/src/Concerns/RoutesRequests.php(413): Illuminate\\Pipeline\\Pipeline->then(Object(Closure))
#20 /root/Documents/Kuliah/pepew/proyek/ppw1920-proyek/vendor/laravel/lumen-framework/src/Concerns/RoutesRequests.php(171): Laravel\\Lumen\\Application->sendThroughPipeline(Array, Object(Closure))
#21 /root/Documents/Kuliah/pepew/proyek/ppw1920-proyek/vendor/laravel/lumen-framework/src/Concerns/RoutesRequests.php(108): Laravel\\Lumen\\Application->dispatch(NULL)
#22 /root/Documents/Kuliah/pepew/proyek/ppw1920-proyek/public/index.php(28): Laravel\\Lumen\\Application->run()
#23 {main}
"} 
[2020-01-09 11:34:17] local.ERROR: Symfony\Component\Debug\Exception\FatalThrowableError: Too few arguments to function App\Http\Controllers\AccountController::dokter(), 1 passed and exactly 2 expected in /root/Documents/Kuliah/pepew/proyek/ppw1920-proyek/app/Http/Controllers/AccountController.php:184
Stack trace:
#0 [internal function]: App\Http\Controllers\AccountController->dokter(Object(Laravel\Lumen\Http\Request))
#1 /root/Documents/Kuliah/pepew/proyek/ppw1920-proyek/vendor/illuminate/container/BoundMethod.php(32): call_user_func_array(Array, Array)
#2 /root/Documents/Kuliah/pepew/proyek/ppw1920-proyek/vendor/illuminate/container/Util.php(36): Illuminate\Container\BoundMethod::Illuminate\Container\{closure}()
#3 /root/Documents/Kuliah/pepew/proyek/ppw1920-proyek/vendor/illuminate/container/BoundMethod.php(90): Illuminate\Container\Util::unwrapIfClosure(Object(Closure))
#4 /root/Documents/Kuliah/pepew/proyek/ppw1920-proyek/vendor/illuminate/container/BoundMethod.php(34): Illuminate\Container\BoundMethod::callBoundMethod(Object(Laravel\Lumen\Application), Array, Object(Closure))
#5 /root/Documents/Kuliah/pepew/proyek/ppw1920-proyek/vendor/illuminate/container/Container.php(590): Illuminate\Container\BoundMethod::call(Object(Laravel\Lumen\Application), Array, Array, NULL)
#6 /root/Documents/Kuliah/pepew/proyek/ppw1920-proyek/vendor/laravel/lumen-framework/src/Concerns/RoutesRequests.php(376): Illuminate\Container\Container->call(Array, Array)
#7 /root/Documents/Kuliah/pepew/proyek/ppw1920-proyek/vendor/laravel/lumen-framework/src/Concerns/RoutesRequests.php(342): Laravel\Lumen\Application->callControllerCallable(Array, Array)
#8 /root/Documents/Kuliah/pepew/proyek/ppw1920-proyek/vendor/laravel/lumen-framework/src/Concerns/RoutesRequests.php(316): Laravel\Lumen\Application->callLumenController(Object(App\Http\Controllers\AccountController), 'dokter', Array)
#9 /root/Documents/Kuliah/pepew/proyek/ppw1920-proyek/vendor/laravel/lumen-framework/src/Concerns/RoutesRequests.php(278): Laravel\Lumen\Application->callControllerAction(Array)
#10 /root/Documents/Kuliah/pepew/proyek/ppw1920-proyek/vendor/laravel/lumen-framework/src/Concerns/RoutesRequests.php(263): Laravel\Lumen\Application->callActionOnArrayBasedRoute(Array)
#11 /root/Documents/Kuliah/pepew/proyek/ppw1920-proyek/vendor/laravel/lumen-framework/src/Concerns/RoutesRequests.php(165): Laravel\Lumen\Application->handleFoundRoute(Array)
#12 [internal function]: Laravel\Lumen\Application->Laravel\Lumen\Concerns\{closure}(Object(Laravel\Lumen\Http\Request))
#13 /root/Documents/Kuliah/pepew/proyek/ppw1920-proyek/vendor/laravel/lumen-framework/src/Routing/Pipeline.php(52): call_user_func(Object(Closure), Object(Laravel\Lumen\Http\Request))
#14 /root/Documents/Kuliah/pepew/proyek/ppw1920-proyek/app/Http/Middleware/CorsMiddleware.php(32): Laravel\Lumen\Routing\Pipeline->Laravel\Lumen\Routing\{closure}(Object(Laravel\Lumen\Http\Request))
#15 /root/Documents/Kuliah/pepew/proyek/ppw1920-proyek/vendor/illuminate/pipeline/Pipeline.php(171): App\Http\Middleware\CorsMiddleware->handle(Object(Laravel\Lumen\Http\Request), Object(Closure))
#16 [internal function]: Illuminate\Pipeline\Pipeline->Illuminate\Pipeline\{closure}(Object(Laravel\Lumen\Http\Request))
#17 /root/Documents/Kuliah/pepew/proyek/ppw1920-proyek/vendor/laravel/lumen-framework/src/Routing/Pipeline.php(32): call_user_func(Object(Closure), Object(Laravel\Lumen\Http\Request))
#18 /root/Documents/Kuliah/pepew/proyek/ppw1920-proyek/vendor/illuminate/pipeline/Pipeline.php(105): Laravel\Lumen\Routing\Pipeline->Laravel\Lumen\Routing\{closure}(Object(Laravel\Lumen\Http\Request))
#19 /root/Documents/Kuliah/pepew/proyek/ppw1920-proyek/vendor/laravel/lumen-framework/src/Concerns/RoutesRequests.php(413): Illuminate\Pipeline\Pipeline->then(Object(Closure))
#20 /root/Documents/Kuliah/pepew/proyek/ppw1920-proyek/vendor/laravel/lumen-framework/src/Concerns/RoutesRequests.php(171): Laravel\Lumen\Application->sendThroughPipeline(Array, Object(Closure))
#21 /root/Documents/Kuliah/pepew/proyek/ppw1920-proyek/vendor/laravel/lumen-framework/src/Concerns/RoutesRequests.php(108): Laravel\Lumen\Application->dispatch(NULL)
#22 /root/Documents/Kuliah/pepew/proyek/ppw1920-proyek/public/index.php(28): Laravel\Lumen\Application->run()
#23 {main} {"exception":"[object] (Symfony\\Component\\Debug\\Exception\\FatalThrowableError(code: 0): Too few arguments to function App\\Http\\Controllers\\AccountController::dokter(), 1 passed and exactly 2 expected at /root/Documents/Kuliah/pepew/proyek/ppw1920-proyek/app/Http/Controllers/AccountController.php:184)
[stacktrace]
#0 [internal function]: App\\Http\\Controllers\\AccountController->dokter(Object(Laravel\\Lumen\\Http\\Request))
#1 /root/Documents/Kuliah/pepew/proyek/ppw1920-proyek/vendor/illuminate/container/BoundMethod.php(32): call_user_func_array(Array, Array)
#2 /root/Documents/Kuliah/pepew/proyek/ppw1920-proyek/vendor/illuminate/container/Util.php(36): Illuminate\\Container\\BoundMethod::Illuminate\\Container\\{closure}()
#3 /root/Documents/Kuliah/pepew/proyek/ppw1920-proyek/vendor/illuminate/container/BoundMethod.php(90): Illuminate\\Container\\Util::unwrapIfClosure(Object(Closure))
#4 /root/Documents/Kuliah/pepew/proyek/ppw1920-proyek/vendor/illuminate/container/BoundMethod.php(34): Illuminate\\Container\\BoundMethod::callBoundMethod(Object(Laravel\\Lumen\\Application), Array, Object(Closure))
#5 /root/Documents/Kuliah/pepew/proyek/ppw1920-proyek/vendor/illuminate/container/Container.php(590): Illuminate\\Container\\BoundMethod::call(Object(Laravel\\Lumen\\Application), Array, Array, NULL)
#6 /root/Documents/Kuliah/pepew/proyek/ppw1920-proyek/vendor/laravel/lumen-framework/src/Concerns/RoutesRequests.php(376): Illuminate\\Container\\Container->call(Array, Array)
#7 /root/Documents/Kuliah/pepew/proyek/ppw1920-proyek/vendor/laravel/lumen-framework/src/Concerns/RoutesRequests.php(342): Laravel\\Lumen\\Application->callControllerCallable(Array, Array)
#8 /root/Documents/Kuliah/pepew/proyek/ppw1920-proyek/vendor/laravel/lumen-framework/src/Concerns/RoutesRequests.php(316): Laravel\\Lumen\\Application->callLumenController(Object(App\\Http\\Controllers\\AccountController), 'dokter', Array)
#9 /root/Documents/Kuliah/pepew/proyek/ppw1920-proyek/vendor/laravel/lumen-framework/src/Concerns/RoutesRequests.php(278): Laravel\\Lumen\\Application->callControllerAction(Array)
#10 /root/Documents/Kuliah/pepew/proyek/ppw1920-proyek/vendor/laravel/lumen-framework/src/Concerns/RoutesRequests.php(263): Laravel\\Lumen\\Application->callActionOnArrayBasedRoute(Array)
#11 /root/Documents/Kuliah/pepew/proyek/ppw1920-proyek/vendor/laravel/lumen-framework/src/Concerns/RoutesRequests.php(165): Laravel\\Lumen\\Application->handleFoundRoute(Array)
#12 [internal function]: Laravel\\Lumen\\Application->Laravel\\Lumen\\Concerns\\{closure}(Object(Laravel\\Lumen\\Http\\Request))
#13 /root/Documents/Kuliah/pepew/proyek/ppw1920-proyek/vendor/laravel/lumen-framework/src/Routing/Pipeline.php(52): call_user_func(Object(Closure), Object(Laravel\\Lumen\\Http\\Request))
#14 /root/Documents/Kuliah/pepew/proyek/ppw1920-proyek/app/Http/Middleware/CorsMiddleware.php(32): Laravel\\Lumen\\Routing\\Pipeline->Laravel\\Lumen\\Routing\\{closure}(Object(Laravel\\Lumen\\Http\\Request))
#15 /root/Documents/Kuliah/pepew/proyek/ppw1920-proyek/vendor/illuminate/pipeline/Pipeline.php(171): App\\Http\\Middleware\\CorsMiddleware->handle(Object(Laravel\\Lumen\\Http\\Request), Object(Closure))
#16 [internal function]: Illuminate\\Pipeline\\Pipeline->Illuminate\\Pipeline\\{closure}(Object(Laravel\\Lumen\\Http\\Request))
#17 /root/Documents/Kuliah/pepew/proyek/ppw1920-proyek/vendor/laravel/lumen-framework/src/Routing/Pipeline.php(32): call_user_func(Object(Closure), Object(Laravel\\Lumen\\Http\\Request))
#18 /root/Documents/Kuliah/pepew/proyek/ppw1920-proyek/vendor/illuminate/pipeline/Pipeline.php(105): Laravel\\Lumen\\Routing\\Pipeline->Laravel\\Lumen\\Routing\\{closure}(Object(Laravel\\Lumen\\Http\\Request))
#19 /root/Documents/Kuliah/pepew/proyek/ppw1920-proyek/vendor/laravel/lumen-framework/src/Concerns/RoutesRequests.php(413): Illuminate\\Pipeline\\Pipeline->then(Object(Closure))
#20 /root/Documents/Kuliah/pepew/proyek/ppw1920-proyek/vendor/laravel/lumen-framework/src/Concerns/RoutesRequests.php(171): Laravel\\Lumen\\Application->sendThroughPipeline(Array, Object(Closure))
#21 /root/Documents/Kuliah/pepew/proyek/ppw1920-proyek/vendor/laravel/lumen-framework/src/Concerns/RoutesRequests.php(108): Laravel\\Lumen\\Application->dispatch(NULL)
#22 /root/Documents/Kuliah/pepew/proyek/ppw1920-proyek/public/index.php(28): Laravel\\Lumen\\Application->run()
#23 {main}
"} 
